\BOOKMARK [1][-]{section.1}{Problem Description}{}% 1
\BOOKMARK [2][-]{subsection.1.1}{Current Problem}{section.1}% 2
\BOOKMARK [2][-]{subsection.1.2}{Existing Solutions}{section.1}% 3
\BOOKMARK [3][-]{subsubsection.1.2.1}{-calculus}{subsection.1.2}% 4
\BOOKMARK [3][-]{subsubsection.1.2.2}{-calculus}{subsection.1.2}% 5
\BOOKMARK [3][-]{subsubsection.1.2.3}{Solos Calculus}{subsection.1.2}% 6
\BOOKMARK [3][-]{subsubsection.1.2.4}{Others}{subsection.1.2}% 7
\BOOKMARK [2][-]{subsection.1.3}{Project Aims}{section.1}% 8
\BOOKMARK [2][-]{subsection.1.4}{Objectives}{section.1}% 9
\BOOKMARK [1][-]{section.2}{Requirements Specification}{}% 10
\BOOKMARK [2][-]{subsection.2.1}{Solos Expressions}{section.2}% 11
\BOOKMARK [2][-]{subsection.2.2}{Solos Diagrams}{section.2}% 12
\BOOKMARK [2][-]{subsection.2.3}{Diagram Visualisation and Interaction}{section.2}% 13
\BOOKMARK [1][-]{section.3}{Project Plan}{}% 14
\BOOKMARK [2][-]{subsection.3.1}{Phases}{section.3}% 15
\BOOKMARK [2][-]{subsection.3.2}{Milestones and Deliverables}{section.3}% 16
\BOOKMARK [2][-]{subsection.3.3}{Time Breakdown}{section.3}% 17
\BOOKMARK [1][-]{section.4}{Resources}{}% 18
\BOOKMARK [2][-]{subsection.4.1}{Technology}{section.4}% 19
\BOOKMARK [2][-]{subsection.4.2}{Literature}{section.4}% 20
\BOOKMARK [2][-]{subsection.4.3}{Testing and Evaluation}{section.4}% 21
\BOOKMARK [1][-]{section.5}{References}{}% 22
