\BOOKMARK [1][-]{section.1}{Introduction}{}% 1
\BOOKMARK [2][-]{subsection.1.1}{Motivation, Landscape and Current Problem}{section.1}% 2
\BOOKMARK [2][-]{subsection.1.2}{Scope and Relevance of Research}{section.1}% 3
\BOOKMARK [2][-]{subsection.1.3}{Project Aims}{section.1}% 4
\BOOKMARK [2][-]{subsection.1.4}{Overview of Dissertation Structure}{section.1}% 5
\BOOKMARK [1][-]{section.2}{Literature}{}% 6
\BOOKMARK [2][-]{subsection.2.1}{Lambda Calculus}{section.2}% 7
\BOOKMARK [2][-]{subsection.2.2}{Calculus of Communicating Systems}{section.2}% 8
\BOOKMARK [2][-]{subsection.2.3}{Pi Calculus}{section.2}% 9
\BOOKMARK [2][-]{subsection.2.4}{Fusion Calculus}{section.2}% 10
\BOOKMARK [2][-]{subsection.2.5}{Solo Calculus}{section.2}% 11
\BOOKMARK [2][-]{subsection.2.6}{Solo Diagrams}{section.2}% 12
\BOOKMARK [1][-]{section.3}{Specification and Requirements}{}% 13
\BOOKMARK [2][-]{subsection.3.1}{Project Specification}{section.3}% 14
\BOOKMARK [2][-]{subsection.3.2}{Requirements}{section.3}% 15
\BOOKMARK [1][-]{section.4}{Technology}{}% 16
\BOOKMARK [2][-]{subsection.4.1}{Graph Visualisation}{section.4}% 17
\BOOKMARK [1][-]{section.5}{Solo Calculus}{}% 18
\BOOKMARK [2][-]{subsection.5.1}{Calculus Implementation}{section.5}% 19
\BOOKMARK [2][-]{subsection.5.2}{Read-Eval-Print-Loop}{section.5}% 20
\BOOKMARK [1][-]{section.6}{Solo Diagrams}{}% 21
\BOOKMARK [2][-]{subsection.6.1}{Diagrams Implementation}{section.6}% 22
\BOOKMARK [2][-]{subsection.6.2}{Visualiser and REST Server}{section.6}% 23
\BOOKMARK [1][-]{section.7}{Conclusion}{}% 24
\BOOKMARK [1][-]{section.8}{References}{}% 25
\BOOKMARK [1][-]{section.9}{Appendix}{}% 26
\BOOKMARK [2][-]{subsection.9.1}{Calculus Testing}{section.9}% 27
\BOOKMARK [2][-]{subsection.9.2}{Graph Visualisation Source Sample}{section.9}% 28
\BOOKMARK [2][-]{subsection.9.3}{Full Chain of Diagram Reductions}{section.9}% 29
